<?xml version="1.0" encoding="UTF-8"?>
<!-- Generated by org.testng.reporters.JUnitReportReporter -->
<testsuite hostname="EBIII270AF0" name="com.parabank.RegisterToParabank" tests="2" failures="0" timestamp="19 Jun 2018 12:01:56 GMT" time="3.196" errors="0">
  <testcase name="loginToParabank" time="2.480" classname="com.parabank.RegisterToParabank"/>
  <testcase name="registerToParabank" time="0.716" classname="com.parabank.RegisterToParabank"/>
</testsuite> <!-- com.parabank.RegisterToParabank -->
